2022-06-01 16:05:16 add unstable deb main i386 libpulse0 15.99.1+dfsg1-1
2022-06-01 16:05:16 add unstable deb main i386 libpulse0-dbgsym 15.99.1+dfsg1-1
2022-06-01 16:05:16 add unstable deb main amd64 libpulse-dev 15.99.1+dfsg1-1
2022-06-01 16:05:16 add unstable deb main i386 libpulse-dev 15.99.1+dfsg1-1
2022-06-01 16:05:16 add unstable deb main i386 libpulsedsp 15.99.1+dfsg1-1
2022-06-01 16:05:16 add unstable deb main i386 libpulsedsp-dbgsym 15.99.1+dfsg1-1
2022-06-01 16:05:16 add unstable deb main i386 libpulse-mainloop-glib0 15.99.1+dfsg1-1
2022-06-01 16:05:16 add unstable deb main i386 libpulse-mainloop-glib0-dbgsym 15.99.1+dfsg1-1
2022-06-01 16:05:16 add unstable deb main i386 pulseaudio 15.99.1+dfsg1-1
2022-06-01 16:05:16 add unstable deb main i386 pulseaudio-dbgsym 15.99.1+dfsg1-1
2022-06-01 16:05:16 add unstable deb main i386 pulseaudio-equalizer 15.99.1+dfsg1-1
2022-06-01 16:05:16 add unstable deb main i386 pulseaudio-equalizer-dbgsym 15.99.1+dfsg1-1
2022-06-01 16:05:16 add unstable deb main i386 pulseaudio-module-bluetooth 15.99.1+dfsg1-1
2022-06-01 16:05:16 add unstable deb main i386 pulseaudio-module-bluetooth-dbgsym 15.99.1+dfsg1-1
2022-06-01 16:05:16 add unstable deb main i386 pulseaudio-module-gsettings 15.99.1+dfsg1-1
2022-06-01 16:05:16 add unstable deb main i386 pulseaudio-module-gsettings-dbgsym 15.99.1+dfsg1-1
2022-06-01 16:05:16 add unstable deb main i386 pulseaudio-module-jack 15.99.1+dfsg1-1
2022-06-01 16:05:16 add unstable deb main i386 pulseaudio-module-jack-dbgsym 15.99.1+dfsg1-1
2022-06-01 16:05:16 add unstable deb main i386 pulseaudio-module-lirc 15.99.1+dfsg1-1
2022-06-01 16:05:16 add unstable deb main i386 pulseaudio-module-lirc-dbgsym 15.99.1+dfsg1-1
2022-06-01 16:05:16 add unstable deb main i386 pulseaudio-module-raop 15.99.1+dfsg1-1
2022-06-01 16:05:16 add unstable deb main i386 pulseaudio-module-raop-dbgsym 15.99.1+dfsg1-1
2022-06-01 16:05:16 add unstable deb main i386 pulseaudio-module-zeroconf 15.99.1+dfsg1-1
2022-06-01 16:05:16 add unstable deb main i386 pulseaudio-module-zeroconf-dbgsym 15.99.1+dfsg1-1
2022-06-01 16:05:16 add unstable deb main i386 pulseaudio-utils 15.99.1+dfsg1-1
2022-06-01 16:05:16 add unstable deb main i386 pulseaudio-utils-dbgsym 15.99.1+dfsg1-1
2022-06-01 16:05:41 add unstable deb main amd64 libpulse0 15.99.1+dfsg1-1
2022-06-01 16:05:41 add unstable deb main amd64 libpulse0-dbgsym 15.99.1+dfsg1-1
2022-06-01 16:05:41 add unstable deb main amd64 libpulsedsp 15.99.1+dfsg1-1
2022-06-01 16:05:41 add unstable deb main amd64 libpulsedsp-dbgsym 15.99.1+dfsg1-1
2022-06-01 16:05:41 add unstable deb main amd64 libpulse-mainloop-glib0 15.99.1+dfsg1-1
2022-06-01 16:05:41 add unstable deb main amd64 libpulse-mainloop-glib0-dbgsym 15.99.1+dfsg1-1
2022-06-01 16:05:41 add unstable deb main amd64 pulseaudio 15.99.1+dfsg1-1
2022-06-01 16:05:41 add unstable deb main amd64 pulseaudio-dbgsym 15.99.1+dfsg1-1
2022-06-01 16:05:41 add unstable deb main amd64 pulseaudio-equalizer 15.99.1+dfsg1-1
2022-06-01 16:05:41 add unstable deb main amd64 pulseaudio-equalizer-dbgsym 15.99.1+dfsg1-1
2022-06-01 16:05:41 add unstable deb main amd64 pulseaudio-module-bluetooth 15.99.1+dfsg1-1
2022-06-01 16:05:41 add unstable deb main amd64 pulseaudio-module-bluetooth-dbgsym 15.99.1+dfsg1-1
2022-06-01 16:05:41 add unstable deb main amd64 pulseaudio-module-gsettings 15.99.1+dfsg1-1
2022-06-01 16:05:41 add unstable deb main amd64 pulseaudio-module-gsettings-dbgsym 15.99.1+dfsg1-1
2022-06-01 16:05:41 add unstable deb main amd64 pulseaudio-module-jack 15.99.1+dfsg1-1
2022-06-01 16:05:41 add unstable deb main amd64 pulseaudio-module-jack-dbgsym 15.99.1+dfsg1-1
2022-06-01 16:05:41 add unstable deb main amd64 pulseaudio-module-lirc 15.99.1+dfsg1-1
2022-06-01 16:05:41 add unstable deb main amd64 pulseaudio-module-lirc-dbgsym 15.99.1+dfsg1-1
2022-06-01 16:05:41 add unstable deb main amd64 pulseaudio-module-raop 15.99.1+dfsg1-1
2022-06-01 16:05:41 add unstable deb main amd64 pulseaudio-module-raop-dbgsym 15.99.1+dfsg1-1
2022-06-01 16:05:41 add unstable deb main amd64 pulseaudio-module-zeroconf 15.99.1+dfsg1-1
2022-06-01 16:05:41 add unstable deb main amd64 pulseaudio-module-zeroconf-dbgsym 15.99.1+dfsg1-1
2022-06-01 16:05:41 add unstable deb main amd64 pulseaudio-utils 15.99.1+dfsg1-1
2022-06-01 16:05:41 add unstable deb main amd64 pulseaudio-utils-dbgsym 15.99.1+dfsg1-1
2022-06-01 16:05:46 add unstable dsc main source pulseaudio 15.99.1+dfsg1-1
